<?xml version="1.0" encoding="UTF-8"?>
<robot generator="Robot 6.0.2 (Python 3.10.6 on linux)" generated="20230612 18:04:10.204" rpa="false" schemaversion="3">
<suite id="s1" name="Testcase5" source="/home/akmal/QAprojectAPItesting/testcase5.robot">
<test id="s1-t1" name=" TestCase5:Verify that a user cannot generate a null token name" line="46">
<kw name="Login">
<kw name="Open Browser" library="SeleniumLibrary">
<arg>https://app.deriv.com/</arg>
<arg>chrome</arg>
<doc>Opens a new browser instance to the optional ``url``.</doc>
<msg timestamp="20230612 18:04:10.287" level="INFO">Opening browser 'chrome' to base url 'https://app.deriv.com/'.</msg>
<status status="PASS" starttime="20230612 18:04:10.287" endtime="20230612 18:04:12.802"/>
</kw>
<kw name="Set Window Size" library="SeleniumLibrary">
<arg>1280</arg>
<arg>1024</arg>
<doc>Sets current windows size to given ``width`` and ``height``.</doc>
<status status="PASS" starttime="20230612 18:04:12.802" endtime="20230612 18:04:12.918"/>
</kw>
<kw name="Wait Until Page Contains Element" library="SeleniumLibrary">
<arg>dt_login_button</arg>
<doc>Waits until the element ``locator`` appears on the current page.</doc>
<status status="PASS" starttime="20230612 18:04:12.918" endtime="20230612 18:04:12.943"/>
</kw>
<kw name="Click Element" library="SeleniumLibrary">
<arg>dt_login_button</arg>
<doc>Click the element identified by ``locator``.</doc>
<msg timestamp="20230612 18:04:12.944" level="INFO">Clicking element 'dt_login_button'.</msg>
<status status="PASS" starttime="20230612 18:04:12.943" endtime="20230612 18:04:14.056"/>
</kw>
<kw name="Wait Until Page Contains Element" library="SeleniumLibrary">
<arg>txtEmail</arg>
<doc>Waits until the element ``locator`` appears on the current page.</doc>
<msg timestamp="20230612 18:04:14.067" level="WARN">Keyword 'Capture Page Screenshot' could not be run on failure: Message: no such window: target window already closed
from unknown error: web view not found
  (Session info: chrome=113.0.5672.92)
Stacktrace:
#0 0x5635c2846133 &lt;unknown&gt;
#1 0x5635c257a966 &lt;unknown&gt;
#2 0x5635c2554cec &lt;unknown&gt;
#3 0x5635c25dbc0f &lt;unknown&gt;
#4 0x5635c25eec2b &lt;unknown&gt;
#5 0x5635c25d69a3 &lt;unknown&gt;
#6 0x5635c25ab46a &lt;unknown&gt;
#7 0x5635c25ac55e &lt;unknown&gt;
#8 0x5635c2805cae &lt;unknown&gt;
#9 0x5635c28098fe &lt;unknown&gt;
#10 0x5635c2812f20 &lt;unknown&gt;
#11 0x5635c280a923 &lt;unknown&gt;
#12 0x5635c27ddc0e &lt;unknown&gt;
#13 0x5635c282db08 &lt;unknown&gt;
#14 0x5635c282dc97 &lt;unknown&gt;
#15 0x5635c283e113 &lt;unknown&gt;
#16 0x7fe1bda94b43 &lt;unknown&gt;
</msg>
<msg timestamp="20230612 18:04:14.067" level="FAIL">NoSuchWindowException: Message: no such window: target window already closed
from unknown error: web view not found
  (Session info: chrome=113.0.5672.92)
Stacktrace:
#0 0x5635c2846133 &lt;unknown&gt;
#1 0x5635c257a966 &lt;unknown&gt;
#2 0x5635c2554cec &lt;unknown&gt;
#3 0x5635c25dbc0f &lt;unknown&gt;
#4 0x5635c25eec2b &lt;unknown&gt;
#5 0x5635c25d69a3 &lt;unknown&gt;
#6 0x5635c25ab46a &lt;unknown&gt;
#7 0x5635c25ac55e &lt;unknown&gt;
#8 0x5635c2805cae &lt;unknown&gt;
#9 0x5635c28098fe &lt;unknown&gt;
#10 0x5635c2812f20 &lt;unknown&gt;
#11 0x5635c280a923 &lt;unknown&gt;
#12 0x5635c27ddc0e &lt;unknown&gt;
#13 0x5635c282db08 &lt;unknown&gt;
#14 0x5635c282dc97 &lt;unknown&gt;
#15 0x5635c283e113 &lt;unknown&gt;
#16 0x7fe1bda94b43 &lt;unknown&gt;
</msg>
<status status="FAIL" starttime="20230612 18:04:14.057" endtime="20230612 18:04:14.069"/>
</kw>
<kw name="Input Text" library="SeleniumLibrary">
<arg>txtEmail</arg>
<arg>mohamad.akmal@besquare.com.my</arg>
<doc>Types the given ``text`` into the text field identified by ``locator``.</doc>
<status status="NOT RUN" starttime="20230612 18:04:14.069" endtime="20230612 18:04:14.069"/>
</kw>
<kw name="Input Password" library="SeleniumLibrary">
<arg>txtPass</arg>
<arg>55113366Aa*.+</arg>
<doc>Types the given password into the text field identified by ``locator``.</doc>
<status status="NOT RUN" starttime="20230612 18:04:14.069" endtime="20230612 18:04:14.069"/>
</kw>
<kw name="Click Element" library="SeleniumLibrary">
<arg>//button[@name="login"]</arg>
<doc>Click the element identified by ``locator``.</doc>
<status status="NOT RUN" starttime="20230612 18:04:14.069" endtime="20230612 18:04:14.069"/>
</kw>
<status status="FAIL" starttime="20230612 18:04:10.286" endtime="20230612 18:04:14.070"/>
</kw>
<kw name="NavigateApi">
<status status="NOT RUN" starttime="20230612 18:04:14.070" endtime="20230612 18:04:14.070"/>
</kw>
<kw name="CannotGenerateNull">
<status status="NOT RUN" starttime="20230612 18:04:14.070" endtime="20230612 18:04:14.070"/>
</kw>
<status status="FAIL" starttime="20230612 18:04:10.286" endtime="20230612 18:04:14.070">NoSuchWindowException: Message: no such window: target window already closed
from unknown error: web view not found
  (Session info: chrome=113.0.5672.92)
Stacktrace:
#0 0x5635c2846133 &lt;unknown&gt;
#1 0x5635c257a966 &lt;unknown&gt;
#2 0x5635c2554cec &lt;unknown&gt;
#3 0x5635c25dbc0f &lt;unknown&gt;
#4 0x5635c25eec2b &lt;unknown&gt;
#5 0x5635c25d69a3 &lt;unknown&gt;
#6 0x5635c25ab46a &lt;unknown&gt;
#7 0x5635c25ac55e &lt;unknown&gt;
#8 0x5635c2805cae &lt;unknown&gt;
#9 0x5635c28098fe &lt;unknown&gt;
#10 0x5635c2812f20 &lt;unknown&gt;
#11 0x5635c280a923 &lt;unknown&gt;
#12 0x5635c27ddc0e &lt;unknown&gt;
#13 0x5635c282db08 &lt;unknown&gt;
#14 0x5635c282dc97 &lt;unknown&gt;
#15 0x5635c283e113 &lt;unknown&gt;
#16 0x7fe1bda94b43 &lt;unknown&gt;
</status>
</test>
<doc>single test for login</doc>
<status status="FAIL" starttime="20230612 18:04:10.205" endtime="20230612 18:04:14.071"/>
</suite>
<statistics>
<total>
<stat pass="0" fail="1" skip="0">All Tests</stat>
</total>
<tag>
</tag>
<suite>
<stat pass="0" fail="1" skip="0" id="s1" name="Testcase5">Testcase5</stat>
</suite>
</statistics>
<errors>
<msg timestamp="20230612 18:04:14.067" level="WARN">Keyword 'Capture Page Screenshot' could not be run on failure: Message: no such window: target window already closed
from unknown error: web view not found
  (Session info: chrome=113.0.5672.92)
Stacktrace:
#0 0x5635c2846133 &lt;unknown&gt;
#1 0x5635c257a966 &lt;unknown&gt;
#2 0x5635c2554cec &lt;unknown&gt;
#3 0x5635c25dbc0f &lt;unknown&gt;
#4 0x5635c25eec2b &lt;unknown&gt;
#5 0x5635c25d69a3 &lt;unknown&gt;
#6 0x5635c25ab46a &lt;unknown&gt;
#7 0x5635c25ac55e &lt;unknown&gt;
#8 0x5635c2805cae &lt;unknown&gt;
#9 0x5635c28098fe &lt;unknown&gt;
#10 0x5635c2812f20 &lt;unknown&gt;
#11 0x5635c280a923 &lt;unknown&gt;
#12 0x5635c27ddc0e &lt;unknown&gt;
#13 0x5635c282db08 &lt;unknown&gt;
#14 0x5635c282dc97 &lt;unknown&gt;
#15 0x5635c283e113 &lt;unknown&gt;
#16 0x7fe1bda94b43 &lt;unknown&gt;
</msg>
</errors>
</robot>
